C:\WORK\OPENMUGENSCR\OPENMUGEN\VC PROJECT\OPENMUGEN\DEBUG\AIRMANAGER.OBJ
C:\WORK\OPENMUGENSCR\OPENMUGEN\VC PROJECT\OPENMUGEN\DEBUG\CMDMANAGER.OBJ
C:\WORK\OPENMUGENSCR\OPENMUGEN\VC PROJECT\OPENMUGEN\DEBUG\CONTROLLEREXECUTER.OBJ
C:\WORK\OPENMUGENSCR\OPENMUGEN\VC PROJECT\OPENMUGEN\DEBUG\ENGINE.OBJ
C:\WORK\OPENMUGENSCR\OPENMUGEN\VC PROJECT\OPENMUGEN\DEBUG\GAME.OBJ
C:\WORK\OPENMUGENSCR\OPENMUGEN\VC PROJECT\OPENMUGEN\DEBUG\GLOBAL.OBJ
C:\WORK\OPENMUGENSCR\OPENMUGEN\VC PROJECT\OPENMUGEN\DEBUG\INPUT.OBJ
C:\WORK\OPENMUGENSCR\OPENMUGEN\VC PROJECT\OPENMUGEN\DEBUG\MAIN.OBJ
C:\WORK\OPENMUGENSCR\OPENMUGEN\VC PROJECT\OPENMUGEN\DEBUG\MEMMANAGER.OBJ
C:\WORK\OPENMUGENSCR\OPENMUGEN\VC PROJECT\OPENMUGEN\DEBUG\PLAYER.OBJ
C:\WORK\OPENMUGENSCR\OPENMUGEN\VC PROJECT\OPENMUGEN\DEBUG\SCALE2XSDL.OBJ
C:\WORK\OPENMUGENSCR\OPENMUGEN\VC PROJECT\OPENMUGEN\DEBUG\SDL_FRAMERATE.OBJ
C:\WORK\OPENMUGENSCR\OPENMUGEN\VC PROJECT\OPENMUGEN\DEBUG\SDLMANAGER.OBJ
C:\WORK\OPENMUGENSCR\OPENMUGEN\VC PROJECT\OPENMUGEN\DEBUG\SFFMANAGER.OBJ
C:\WORK\OPENMUGENSCR\OPENMUGEN\VC PROJECT\OPENMUGEN\DEBUG\STACK.OBJ
C:\WORK\OPENMUGENSCR\OPENMUGEN\VC PROJECT\OPENMUGEN\DEBUG\STATEMANAGER.OBJ
C:\WORK\OPENMUGENSCR\OPENMUGEN\VC PROJECT\OPENMUGEN\DEBUG\STATEPARSER.OBJ
C:\WORK\OPENMUGENSCR\OPENMUGEN\VC PROJECT\OPENMUGEN\DEBUG\TOKENIZER.OBJ
C:\WORK\OPENMUGENSCR\OPENMUGEN\VC PROJECT\OPENMUGEN\DEBUG\VIDEOSYSTEM.OBJ
C:\WORK\OPENMUGENSCR\OPENMUGEN\VC PROJECT\OPENMUGEN\DEBUG\VM.OBJ
C:\WORK\OPENMUGENSCR\OPENMUGEN\VC PROJECT\OPENMUGEN\DEBUG\VC110.PDB
C:\WORK\MUGEN\VC PROJECT\OPENMUGEN\DEBUG\AIRMANAGER.OBJ
C:\WORK\MUGEN\VC PROJECT\OPENMUGEN\DEBUG\CMDMANAGER.OBJ
C:\WORK\MUGEN\VC PROJECT\OPENMUGEN\DEBUG\CONTROLLEREXECUTER.OBJ
C:\WORK\MUGEN\VC PROJECT\OPENMUGEN\DEBUG\ENGINE.OBJ
C:\WORK\MUGEN\VC PROJECT\OPENMUGEN\DEBUG\GAME.OBJ
C:\WORK\MUGEN\VC PROJECT\OPENMUGEN\DEBUG\GLOBAL.OBJ
C:\WORK\MUGEN\VC PROJECT\OPENMUGEN\DEBUG\INPUT.OBJ
C:\WORK\MUGEN\VC PROJECT\OPENMUGEN\DEBUG\MAIN.OBJ
C:\WORK\MUGEN\VC PROJECT\OPENMUGEN\DEBUG\MEMMANAGER.OBJ
C:\WORK\MUGEN\VC PROJECT\OPENMUGEN\DEBUG\PLAYER.OBJ
C:\WORK\MUGEN\VC PROJECT\OPENMUGEN\DEBUG\SCALE2XSDL.OBJ
C:\WORK\MUGEN\VC PROJECT\OPENMUGEN\DEBUG\SDL_FRAMERATE.OBJ
C:\WORK\MUGEN\VC PROJECT\OPENMUGEN\DEBUG\SDLMANAGER.OBJ
C:\WORK\MUGEN\VC PROJECT\OPENMUGEN\DEBUG\SFFMANAGER.OBJ
C:\WORK\MUGEN\VC PROJECT\OPENMUGEN\DEBUG\STACK.OBJ
C:\WORK\MUGEN\VC PROJECT\OPENMUGEN\DEBUG\STATEMANAGER.OBJ
C:\WORK\MUGEN\VC PROJECT\OPENMUGEN\DEBUG\STATEPARSER.OBJ
C:\WORK\MUGEN\VC PROJECT\OPENMUGEN\DEBUG\TOKENIZER.OBJ
C:\WORK\MUGEN\VC PROJECT\OPENMUGEN\DEBUG\VIDEOSYSTEM.OBJ
C:\WORK\MUGEN\VC PROJECT\OPENMUGEN\DEBUG\VM.OBJ
C:\WORK\MUGEN\VC PROJECT\OPENMUGEN\DEBUG\VC110.PDB
C:\WORK\OPENMUGENSCR\OPENMUGEN\VC PROJECT\OPENMUGEN\DEBUG\OPENMUGEN.ILK
C:\WORK\OPENMUGENSCR\OPENMUGEN\VC PROJECT\OPENMUGEN\DEBUG\OPENMUGEN.EXE
C:\WORK\OPENMUGENSCR\OPENMUGEN\VC PROJECT\OPENMUGEN\DEBUG\OPENMUGEN.PDB
C:\WORK\MUGEN\VC PROJECT\OPENMUGEN\DEBUG\OPENMUGEN.ILK
C:\WORK\MUGEN\VC PROJECT\OPENMUGEN\DEBUG\OPENMUGEN.EXE
C:\WORK\MUGEN\VC PROJECT\OPENMUGEN\DEBUG\OPENMUGEN.PDB
C:\work\mugen\VC project\OpenMugen\Debug\AirManager.obj
C:\work\mugen\VC project\OpenMugen\Debug\CmdManager.obj
C:\work\mugen\VC project\OpenMugen\Debug\ControllerExecuter.obj
C:\work\mugen\VC project\OpenMugen\Debug\engine.obj
C:\work\mugen\VC project\OpenMugen\Debug\game.obj
C:\work\mugen\VC project\OpenMugen\Debug\global.obj
C:\work\mugen\VC project\OpenMugen\Debug\Input.obj
C:\work\mugen\VC project\OpenMugen\Debug\main.obj
C:\work\mugen\VC project\OpenMugen\Debug\MemManager.obj
C:\work\mugen\VC project\OpenMugen\Debug\player.obj
C:\work\mugen\VC project\OpenMugen\Debug\scale2xSDL.obj
C:\work\mugen\VC project\OpenMugen\Debug\SDLManager.obj
C:\work\mugen\VC project\OpenMugen\Debug\SDL_framerate.obj
C:\work\mugen\VC project\OpenMugen\Debug\SffManager.obj
C:\work\mugen\VC project\OpenMugen\Debug\Stack.obj
C:\work\mugen\VC project\OpenMugen\Debug\StateManager.obj
C:\work\mugen\VC project\OpenMugen\Debug\StateParser.obj
C:\work\mugen\VC project\OpenMugen\Debug\tokenizer.obj
C:\work\mugen\VC project\OpenMugen\Debug\VideoSystem.obj
C:\work\mugen\VC project\OpenMugen\Debug\VM.obj
C:\work\mugen\VC project\OpenMugen\Debug\OpenMugen.ilk
C:\work\mugen\VC project\OpenMugen\Debug\cl.command.1.tlog
C:\work\mugen\VC project\OpenMugen\Debug\CL.read.1.tlog
C:\work\mugen\VC project\OpenMugen\Debug\CL.write.1.tlog
C:\work\mugen\VC project\OpenMugen\Debug\link-cvtres.read.1.tlog
C:\work\mugen\VC project\OpenMugen\Debug\link-cvtres.write.1.tlog
C:\work\mugen\VC project\OpenMugen\Debug\link-rc.read.1.tlog
C:\work\mugen\VC project\OpenMugen\Debug\link-rc.write.1.tlog
C:\work\mugen\VC project\OpenMugen\Debug\link.5720-cvtres.read.1.tlog
C:\work\mugen\VC project\OpenMugen\Debug\link.5720-cvtres.write.1.tlog
C:\work\mugen\VC project\OpenMugen\Debug\link.5720-rc.read.1.tlog
C:\work\mugen\VC project\OpenMugen\Debug\link.5720-rc.write.1.tlog
C:\work\mugen\VC project\OpenMugen\Debug\link.5720.read.1.tlog
C:\work\mugen\VC project\OpenMugen\Debug\link.5720.write.1.tlog
C:\work\mugen\VC project\OpenMugen\Debug\link.5984-cvtres.read.1.tlog
C:\work\mugen\VC project\OpenMugen\Debug\link.5984-cvtres.write.1.tlog
C:\work\mugen\VC project\OpenMugen\Debug\link.5984-rc.read.1.tlog
C:\work\mugen\VC project\OpenMugen\Debug\link.5984-rc.write.1.tlog
C:\work\mugen\VC project\OpenMugen\Debug\link.5984.read.1.tlog
C:\work\mugen\VC project\OpenMugen\Debug\link.5984.write.1.tlog
C:\work\mugen\VC project\OpenMugen\Debug\link.command.1.tlog
C:\work\mugen\VC project\OpenMugen\Debug\link.read.1.tlog
C:\work\mugen\VC project\OpenMugen\Debug\link.write.1.tlog
C:\work\mugen\VC project\OpenMugen\Debug\vc110.idb
C:\work\mugen\VC project\OpenMugen\Debug\OpenMugen.pdb
C:\work\mugen\VC project\OpenMugen\Debug\vc110.pdb
C:\work\mugen\VC project\OpenMugen\Debug\OpenMugen.exe
